<?xml version="1.0" encoding="UTF-8"?>
<testsuite xmlns:xsi="http://www.w3.org/2001/XMLSchema-instance" xsi:noNamespaceSchemaLocation="https://maven.apache.org/surefire/maven-surefire-plugin/xsd/surefire-test-report.xsd" name="edu.pinpong.AppTest" time="0.182" tests="9" errors="0" skipped="0" failures="0">
  <properties>
[...]
</properties>
  <testcase name="test_Mordor" classname="edu.pinpong.AppTest" time="0.106"/>
  <testcase name="test_pedido_peligroso_KO" classname="edu.pinpong.AppTest" time="0"/>
  <testcase name="test_pedido_peligroso_OK" classname="edu.pinpong.AppTest" time="0"/>
  <testcase name="test_interface_procesador" classname="edu.pinpong.AppTest" time="0.001"/>
  <testcase name="test_UUID_generator" classname="edu.pinpong.AppTest" time="0"/>
  <testcase name="test_printar_status" classname="edu.pinpong.AppTest" time="0.014"/>
  <testcase name="test_Comarca" classname="edu.pinpong.AppTest" time="0"/>
  <testcase name="test_tratamiento_pedido_multiple_tratar" classname="edu.pinpong.AppTest" time="0.001"/>
  <testcase name="test_pedido_nacional_UUDI" classname="edu.pinpong.AppTest" time="0"/>
</testsuite>